c:\professionnel\cours\prestations\2018\729-plb-c++ avancé (4j)\ateliers\ateliers-visualstudio2017\c++avance\pattern05_s\pattern05_s\debug\pattern05_s.pch
c:\professionnel\cours\prestations\2018\729-plb-c++ avancé (4j)\ateliers\ateliers-visualstudio2017\c++avance\pattern05_s\pattern05_s\debug\vc141.pdb
c:\professionnel\cours\prestations\2018\729-plb-c++ avancé (4j)\ateliers\ateliers-visualstudio2017\c++avance\pattern05_s\pattern05_s\debug\vc141.idb
c:\professionnel\cours\prestations\2018\729-plb-c++ avancé (4j)\ateliers\ateliers-visualstudio2017\c++avance\pattern05_s\pattern05_s\debug\stdafx.obj
c:\professionnel\cours\prestations\2018\729-plb-c++ avancé (4j)\ateliers\ateliers-visualstudio2017\c++avance\pattern05_s\pattern05_s\debug\main.obj
c:\professionnel\cours\prestations\2018\729-plb-c++ avancé (4j)\ateliers\ateliers-visualstudio2017\c++avance\pattern05_s\debug\pattern05_s.ilk
c:\professionnel\cours\prestations\2018\729-plb-c++ avancé (4j)\ateliers\ateliers-visualstudio2017\c++avance\pattern05_s\debug\pattern05_s.exe
c:\professionnel\cours\prestations\2018\729-plb-c++ avancé (4j)\ateliers\ateliers-visualstudio2017\c++avance\pattern05_s\debug\pattern05_s.pdb
c:\professionnel\cours\prestations\2019\750-plb-c++ avancé (4j)-intra 5891\ateliers-visualstudio2017\c++avance\pattern05_s\pattern05_s\debug\main.obj
c:\professionnel\cours\prestations\2019\750-plb-c++ avancé (4j)-intra 5891\ateliers-visualstudio2017\c++avance\pattern05_s\pattern05_s\debug\stdafx.obj
c:\professionnel\cours\prestations\2019\750-plb-c++ avancé (4j)-intra 5891\ateliers-visualstudio2017\c++avance\pattern05_s\pattern05_s\debug\pattern05_s.pch
c:\professionnel\cours\prestations\2019\750-plb-c++ avancé (4j)-intra 5891\ateliers-visualstudio2017\c++avance\pattern05_s\pattern05_s\debug\vc141.idb
c:\professionnel\cours\prestations\2019\750-plb-c++ avancé (4j)-intra 5891\ateliers-visualstudio2017\c++avance\pattern05_s\pattern05_s\debug\vc141.pdb
c:\professionnel\cours\prestations\2019\750-plb-c++ avancé (4j)-intra 5891\ateliers-visualstudio2017\c++avance\pattern05_s\debug\pattern05_s.pdb
c:\professionnel\cours\prestations\2019\750-plb-c++ avancé (4j)-intra 5891\ateliers-visualstudio2017\c++avance\pattern05_s\debug\pattern05_s.exe
c:\professionnel\cours\prestations\2019\750-plb-c++ avancé (4j)-intra 5891\ateliers-visualstudio2017\c++avance\pattern05_s\debug\pattern05_s.ilk
c:\professionnel\cours\prestations\2019\750-plb-c++ avancé (4j)-intra 5891\ateliers-visualstudio2017\c++avance\pattern05_s\pattern05_s\debug\pattern05_s.tlog\cl.command.1.tlog
c:\professionnel\cours\prestations\2019\750-plb-c++ avancé (4j)-intra 5891\ateliers-visualstudio2017\c++avance\pattern05_s\pattern05_s\debug\pattern05_s.tlog\cl.read.1.tlog
c:\professionnel\cours\prestations\2019\750-plb-c++ avancé (4j)-intra 5891\ateliers-visualstudio2017\c++avance\pattern05_s\pattern05_s\debug\pattern05_s.tlog\cl.write.1.tlog
c:\professionnel\cours\prestations\2019\750-plb-c++ avancé (4j)-intra 5891\ateliers-visualstudio2017\c++avance\pattern05_s\pattern05_s\debug\pattern05_s.tlog\link.command.1.tlog
c:\professionnel\cours\prestations\2019\750-plb-c++ avancé (4j)-intra 5891\ateliers-visualstudio2017\c++avance\pattern05_s\pattern05_s\debug\pattern05_s.tlog\link.read.1.tlog
c:\professionnel\cours\prestations\2019\750-plb-c++ avancé (4j)-intra 5891\ateliers-visualstudio2017\c++avance\pattern05_s\pattern05_s\debug\pattern05_s.tlog\link.write.1.tlog
