c:\professionnel\cours\prestations\2017\670-plb-c++ avancé (4j)\ateliers\ateliers-visualstudio2015\c++avance\pattern02\pattern02\debug\pattern02.pch
c:\professionnel\cours\prestations\2017\670-plb-c++ avancé (4j)\ateliers\ateliers-visualstudio2015\c++avance\pattern02\pattern02\debug\vc140.pdb
c:\professionnel\cours\prestations\2017\670-plb-c++ avancé (4j)\ateliers\ateliers-visualstudio2015\c++avance\pattern02\pattern02\debug\vc140.idb
c:\professionnel\cours\prestations\2017\670-plb-c++ avancé (4j)\ateliers\ateliers-visualstudio2015\c++avance\pattern02\pattern02\debug\stdafx.obj
c:\professionnel\cours\prestations\2017\670-plb-c++ avancé (4j)\ateliers\ateliers-visualstudio2015\c++avance\pattern02\pattern02\debug\application.obj
c:\professionnel\cours\prestations\2017\670-plb-c++ avancé (4j)\ateliers\ateliers-visualstudio2015\c++avance\pattern02\pattern02\debug\document.obj
c:\professionnel\cours\prestations\2017\670-plb-c++ avancé (4j)\ateliers\ateliers-visualstudio2015\c++avance\pattern02\pattern02\debug\main.obj
c:\professionnel\cours\prestations\2017\670-plb-c++ avancé (4j)\ateliers\ateliers-visualstudio2015\c++avance\pattern02\pattern02\debug\monapplication.obj
c:\professionnel\cours\prestations\2017\670-plb-c++ avancé (4j)\ateliers\ateliers-visualstudio2015\c++avance\pattern02\pattern02\debug\mondocument.obj
c:\professionnel\cours\prestations\2017\670-plb-c++ avancé (4j)\ateliers\ateliers-visualstudio2015\c++avance\pattern02\debug\pattern02.ilk
c:\professionnel\cours\prestations\2017\670-plb-c++ avancé (4j)\ateliers\ateliers-visualstudio2015\c++avance\pattern02\debug\pattern02.exe
c:\professionnel\cours\prestations\2017\670-plb-c++ avancé (4j)\ateliers\ateliers-visualstudio2015\c++avance\pattern02\debug\pattern02.pdb
c:\professionnel\cours\prestations\2018\729-plb-c++ avancé (4j)\ateliers\ateliers-visualstudio2017\c++avance\pattern02\pattern02\debug\application.obj
c:\professionnel\cours\prestations\2018\729-plb-c++ avancé (4j)\ateliers\ateliers-visualstudio2017\c++avance\pattern02\pattern02\debug\document.obj
c:\professionnel\cours\prestations\2018\729-plb-c++ avancé (4j)\ateliers\ateliers-visualstudio2017\c++avance\pattern02\pattern02\debug\main.obj
c:\professionnel\cours\prestations\2018\729-plb-c++ avancé (4j)\ateliers\ateliers-visualstudio2017\c++avance\pattern02\pattern02\debug\monapplication.obj
c:\professionnel\cours\prestations\2018\729-plb-c++ avancé (4j)\ateliers\ateliers-visualstudio2017\c++avance\pattern02\pattern02\debug\mondocument.obj
c:\professionnel\cours\prestations\2018\729-plb-c++ avancé (4j)\ateliers\ateliers-visualstudio2017\c++avance\pattern02\pattern02\debug\stdafx.obj
c:\professionnel\cours\prestations\2018\729-plb-c++ avancé (4j)\ateliers\ateliers-visualstudio2017\c++avance\pattern02\pattern02\debug\pattern02.pch
c:\professionnel\cours\prestations\2018\729-plb-c++ avancé (4j)\ateliers\ateliers-visualstudio2017\c++avance\pattern02\pattern02\debug\vc140.idb
c:\professionnel\cours\prestations\2018\729-plb-c++ avancé (4j)\ateliers\ateliers-visualstudio2017\c++avance\pattern02\pattern02\debug\vc140.pdb
c:\professionnel\cours\prestations\2018\729-plb-c++ avancé (4j)\ateliers\ateliers-visualstudio2017\c++avance\pattern02\debug\pattern02.pdb
c:\professionnel\cours\prestations\2018\729-plb-c++ avancé (4j)\ateliers\ateliers-visualstudio2017\c++avance\pattern02\debug\pattern02.exe
c:\professionnel\cours\prestations\2018\729-plb-c++ avancé (4j)\ateliers\ateliers-visualstudio2017\c++avance\pattern02\debug\pattern02.ilk
c:\professionnel\cours\prestations\2018\729-plb-c++ avancé (4j)\ateliers\ateliers-visualstudio2017\c++avance\pattern02\pattern02\debug\pattern02.tlog\cl.command.1.tlog
c:\professionnel\cours\prestations\2018\729-plb-c++ avancé (4j)\ateliers\ateliers-visualstudio2017\c++avance\pattern02\pattern02\debug\pattern02.tlog\cl.read.1.tlog
c:\professionnel\cours\prestations\2018\729-plb-c++ avancé (4j)\ateliers\ateliers-visualstudio2017\c++avance\pattern02\pattern02\debug\pattern02.tlog\cl.write.1.tlog
c:\professionnel\cours\prestations\2018\729-plb-c++ avancé (4j)\ateliers\ateliers-visualstudio2017\c++avance\pattern02\pattern02\debug\pattern02.tlog\link.command.1.tlog
c:\professionnel\cours\prestations\2018\729-plb-c++ avancé (4j)\ateliers\ateliers-visualstudio2017\c++avance\pattern02\pattern02\debug\pattern02.tlog\link.read.1.tlog
c:\professionnel\cours\prestations\2018\729-plb-c++ avancé (4j)\ateliers\ateliers-visualstudio2017\c++avance\pattern02\pattern02\debug\pattern02.tlog\link.write.1.tlog
