c:\professionnel\cours\prestations\2020\813-plb-c++-diginext (5j)\ateliers\avance\05-designpatterns\pattern06_s\debug\vc142.pdb
c:\professionnel\cours\prestations\2020\813-plb-c++-diginext (5j)\ateliers\avance\05-designpatterns\pattern06_s\debug\vc142.idb
c:\professionnel\cours\prestations\2020\813-plb-c++-diginext (5j)\ateliers\avance\05-designpatterns\pattern06_s\debug\main.obj
c:\professionnel\cours\prestations\2020\813-plb-c++-diginext (5j)\ateliers\avance\05-designpatterns\pattern06_s\debug\subject.obj
c:\professionnel\cours\prestations\2020\813-plb-c++-diginext (5j)\ateliers\avance\05-designpatterns\pattern06_s\debug\digitalclock.obj
c:\professionnel\cours\prestations\2020\813-plb-c++-diginext (5j)\ateliers\avance\05-designpatterns\pattern06_s\debug\clocktimer.obj
c:\professionnel\cours\prestations\2020\813-plb-c++-diginext (5j)\ateliers\avance\05-designpatterns\pattern06_s\debug\analogclock.obj
c:\professionnel\cours\prestations\2020\813-plb-c++-diginext (5j)\ateliers\avance\05-designpatterns\pattern06_s\debug\pattern06_s.exe
c:\professionnel\cours\prestations\2020\813-plb-c++-diginext (5j)\ateliers\avance\05-designpatterns\pattern06_s\debug\pattern06_s.ilk
c:\professionnel\cours\prestations\2020\813-plb-c++-diginext (5j)\ateliers\avance\05-designpatterns\pattern06_s\debug\pattern06_s.pdb
c:\dev\c++\formationcplusplus\05-designpatterns\pattern06_s\debug\analogclock.obj
c:\dev\c++\formationcplusplus\05-designpatterns\pattern06_s\debug\clocktimer.obj
c:\dev\c++\formationcplusplus\05-designpatterns\pattern06_s\debug\digitalclock.obj
c:\dev\c++\formationcplusplus\05-designpatterns\pattern06_s\debug\main.obj
c:\dev\c++\formationcplusplus\05-designpatterns\pattern06_s\debug\subject.obj
c:\dev\c++\formationcplusplus\05-designpatterns\pattern06_s\debug\pattern06_s.ilk
c:\dev\c++\formationcplusplus\05-designpatterns\pattern06_s\debug\vc142.idb
c:\dev\c++\formationcplusplus\05-designpatterns\pattern06_s\debug\pattern06_s.pdb
c:\dev\c++\formationcplusplus\05-designpatterns\pattern06_s\debug\vc142.pdb
c:\dev\c++\formationcplusplus\05-designpatterns\pattern06_s\debug\pattern06_s.tlog\cl.command.1.tlog
c:\dev\c++\formationcplusplus\05-designpatterns\pattern06_s\debug\pattern06_s.tlog\cl.read.1.tlog
c:\dev\c++\formationcplusplus\05-designpatterns\pattern06_s\debug\pattern06_s.tlog\cl.write.1.tlog
c:\dev\c++\formationcplusplus\05-designpatterns\pattern06_s\debug\pattern06_s.tlog\link.command.1.tlog
c:\dev\c++\formationcplusplus\05-designpatterns\pattern06_s\debug\pattern06_s.tlog\link.read.1.tlog
c:\dev\c++\formationcplusplus\05-designpatterns\pattern06_s\debug\pattern06_s.tlog\link.write.1.tlog
