c:\professionnel\cours\prestations\2020\781-ib-c++ avancé (la201-4j)\ateliers\01-nouveautes_c++11\default-delete01\default-delete01\debug\default-delete01.pch
c:\professionnel\cours\prestations\2020\781-ib-c++ avancé (la201-4j)\ateliers\01-nouveautes_c++11\default-delete01\default-delete01\debug\vc142.pdb
c:\professionnel\cours\prestations\2020\781-ib-c++ avancé (la201-4j)\ateliers\01-nouveautes_c++11\default-delete01\default-delete01\debug\vc142.idb
c:\professionnel\cours\prestations\2020\781-ib-c++ avancé (la201-4j)\ateliers\01-nouveautes_c++11\default-delete01\default-delete01\debug\stdafx.obj
c:\professionnel\cours\prestations\2020\781-ib-c++ avancé (la201-4j)\ateliers\01-nouveautes_c++11\default-delete01\default-delete01\debug\counter.obj
c:\professionnel\cours\prestations\2020\781-ib-c++ avancé (la201-4j)\ateliers\01-nouveautes_c++11\default-delete01\default-delete01\debug\appli.obj
c:\professionnel\cours\prestations\2020\801-plb-c++ avancé (3j)\ateliers\11-autres_nouveautes_c++11\default-delete01\default-delete01\debug\appli.obj
c:\professionnel\cours\prestations\2020\801-plb-c++ avancé (3j)\ateliers\11-autres_nouveautes_c++11\default-delete01\default-delete01\debug\counter.obj
c:\professionnel\cours\prestations\2020\801-plb-c++ avancé (3j)\ateliers\11-autres_nouveautes_c++11\default-delete01\default-delete01\debug\stdafx.obj
c:\professionnel\cours\prestations\2020\801-plb-c++ avancé (3j)\ateliers\11-autres_nouveautes_c++11\default-delete01\default-delete01\debug\default-delete01.pch
c:\professionnel\cours\prestations\2020\801-plb-c++ avancé (3j)\ateliers\11-autres_nouveautes_c++11\default-delete01\default-delete01\debug\vc142.idb
c:\professionnel\cours\prestations\2020\801-plb-c++ avancé (3j)\ateliers\11-autres_nouveautes_c++11\default-delete01\default-delete01\debug\vc142.pdb
c:\professionnel\cours\prestations\2020\801-plb-c++ avancé (3j)\ateliers\11-autres_nouveautes_c++11\default-delete01\debug\default-delete01.pdb
c:\professionnel\cours\prestations\2020\801-plb-c++ avancé (3j)\ateliers\11-autres_nouveautes_c++11\default-delete01\default-delete01\debug\default-delete01.tlog\cl.command.1.tlog
c:\professionnel\cours\prestations\2020\801-plb-c++ avancé (3j)\ateliers\11-autres_nouveautes_c++11\default-delete01\default-delete01\debug\default-delete01.tlog\cl.read.1.tlog
c:\professionnel\cours\prestations\2020\801-plb-c++ avancé (3j)\ateliers\11-autres_nouveautes_c++11\default-delete01\default-delete01\debug\default-delete01.tlog\cl.write.1.tlog
c:\professionnel\cours\prestations\2020\801-plb-c++ avancé (3j)\ateliers\11-autres_nouveautes_c++11\default-delete01\default-delete01\debug\default-delete01.tlog\link-cvtres.read.1.tlog
c:\professionnel\cours\prestations\2020\801-plb-c++ avancé (3j)\ateliers\11-autres_nouveautes_c++11\default-delete01\default-delete01\debug\default-delete01.tlog\link-cvtres.write.1.tlog
c:\professionnel\cours\prestations\2020\801-plb-c++ avancé (3j)\ateliers\11-autres_nouveautes_c++11\default-delete01\default-delete01\debug\default-delete01.tlog\link-rc.read.1.tlog
c:\professionnel\cours\prestations\2020\801-plb-c++ avancé (3j)\ateliers\11-autres_nouveautes_c++11\default-delete01\default-delete01\debug\default-delete01.tlog\link-rc.write.1.tlog
c:\professionnel\cours\prestations\2020\801-plb-c++ avancé (3j)\ateliers\11-autres_nouveautes_c++11\default-delete01\default-delete01\debug\default-delete01.tlog\link.command.1.tlog
c:\professionnel\cours\prestations\2020\801-plb-c++ avancé (3j)\ateliers\11-autres_nouveautes_c++11\default-delete01\default-delete01\debug\default-delete01.tlog\link.read.1.tlog
c:\professionnel\cours\prestations\2020\801-plb-c++ avancé (3j)\ateliers\11-autres_nouveautes_c++11\default-delete01\default-delete01\debug\default-delete01.tlog\link.write.1.tlog
