  Compteur.cpp
C:\Dev\C++\FormationCPlusPlus\08-Autres_nouveautes_C++11\Decltype01\Decltype01\Compteur.cpp(16,46): error C2511: 'bool Compteur::operator <(const Compteur &)' : impossible de trouver la fonction membre surchargée dans 'Compteur'
C:\Dev\C++\FormationCPlusPlus\08-Autres_nouveautes_C++11\Decltype01\Decltype01\Compteur.h(3): message : voir la déclaration de 'Compteur'
C:\Dev\C++\FormationCPlusPlus\08-Autres_nouveautes_C++11\Decltype01\Decltype01\Compteur.cpp(17,20): error C2597: référence non conforme à un membre non static 'Compteur::cpt'
C:\Dev\C++\FormationCPlusPlus\08-Autres_nouveautes_C++11\Decltype01\Decltype01\Compteur.cpp(17,20): error C3867: 'Compteur::cpt' : syntaxe non-standard ; utilisez '&' pour créer un pointeur vers un membre
C:\Dev\C++\FormationCPlusPlus\08-Autres_nouveautes_C++11\Decltype01\Decltype01\Compteur.cpp(19,46): error C2511: 'bool Compteur::operator >(const Compteur &)' : impossible de trouver la fonction membre surchargée dans 'Compteur'
C:\Dev\C++\FormationCPlusPlus\08-Autres_nouveautes_C++11\Decltype01\Decltype01\Compteur.h(3): message : voir la déclaration de 'Compteur'
C:\Dev\C++\FormationCPlusPlus\08-Autres_nouveautes_C++11\Decltype01\Decltype01\Compteur.cpp(20,20): error C2597: référence non conforme à un membre non static 'Compteur::cpt'
C:\Dev\C++\FormationCPlusPlus\08-Autres_nouveautes_C++11\Decltype01\Decltype01\Compteur.cpp(20,20): error C3867: 'Compteur::cpt' : syntaxe non-standard ; utilisez '&' pour créer un pointeur vers un membre
  Decltype01.cpp
C:\Dev\C++\FormationCPlusPlus\08-Autres_nouveautes_C++11\Decltype01\Decltype01\Decltype01.cpp(12,37): error C2991: redéfinition du paramètre de modèle 'T1'
C:\Dev\C++\FormationCPlusPlus\08-Autres_nouveautes_C++11\Decltype01\Decltype01\Decltype01.cpp(12): message : voir la déclaration de 'T1'
C:\Dev\C++\FormationCPlusPlus\08-Autres_nouveautes_C++11\Decltype01\Decltype01\Decltype01.cpp(28,14): error C2672: 'min' : fonction correspondante surchargée introuvable
C:\Dev\C++\FormationCPlusPlus\08-Autres_nouveautes_C++11\Decltype01\Decltype01\Decltype01.cpp(28,22): error C2782: 'auto min(T1 &,T1 &)' : paramètre modèle 'T1' ambigu
C:\Dev\C++\FormationCPlusPlus\08-Autres_nouveautes_C++11\Decltype01\Decltype01\Decltype01.cpp(12): message : voir la déclaration de 'min'
C:\Dev\C++\FormationCPlusPlus\08-Autres_nouveautes_C++11\Decltype01\Decltype01\Decltype01.cpp(28,22): message : est peut-être 'int'
C:\Dev\C++\FormationCPlusPlus\08-Autres_nouveautes_C++11\Decltype01\Decltype01\Decltype01.cpp(28,22): message : ou       'Compteur'
C:\Dev\C++\FormationCPlusPlus\08-Autres_nouveautes_C++11\Decltype01\Decltype01\Decltype01.cpp(28,22): error C2784: 'auto min(T1 &,T1 &)' : impossible de déduire l'argument modèle pour 'T1 &' à partir de 'int'
C:\Dev\C++\FormationCPlusPlus\08-Autres_nouveautes_C++11\Decltype01\Decltype01\Decltype01.cpp(12): message : voir la déclaration de 'min'
C:\Dev\C++\FormationCPlusPlus\08-Autres_nouveautes_C++11\Decltype01\Decltype01\Decltype01.cpp(28,22): error C2780: '_Ty std::min(std::initializer_list<_Elem>)' : 1 arguments attendus - 2 fournis
C:\Program Files (x86)\Microsoft Visual Studio\2019\Community\VC\Tools\MSVC\14.28.29333\include\utility(76): message : voir la déclaration de 'std::min'
C:\Dev\C++\FormationCPlusPlus\08-Autres_nouveautes_C++11\Decltype01\Decltype01\Decltype01.cpp(28,22): error C2784: '_Ty std::min(std::initializer_list<_Elem>,_Pr)' : impossible de déduire l'argument modèle pour 'std::initializer_list<_Elem>' à partir de 'Compteur'
C:\Program Files (x86)\Microsoft Visual Studio\2019\Community\VC\Tools\MSVC\14.28.29333\include\utility(73): message : voir la déclaration de 'std::min'
C:\Dev\C++\FormationCPlusPlus\08-Autres_nouveautes_C++11\Decltype01\Decltype01\Decltype01.cpp(28,22): error C2782: 'const _Ty &std::min(const _Ty &,const _Ty &) noexcept(<expr>)' : paramètre modèle '_Ty' ambigu
C:\Program Files (x86)\Microsoft Visual Studio\2019\Community\VC\Tools\MSVC\14.28.29333\include\utility(65): message : voir la déclaration de 'std::min'
C:\Dev\C++\FormationCPlusPlus\08-Autres_nouveautes_C++11\Decltype01\Decltype01\Decltype01.cpp(28,22): message : est peut-être 'int'
C:\Dev\C++\FormationCPlusPlus\08-Autres_nouveautes_C++11\Decltype01\Decltype01\Decltype01.cpp(28,22): message : ou       'Compteur'
C:\Dev\C++\FormationCPlusPlus\08-Autres_nouveautes_C++11\Decltype01\Decltype01\Decltype01.cpp(28,22): error C2784: 'const _Ty &std::min(const _Ty &,const _Ty &) noexcept(<expr>)' : impossible de déduire l'argument modèle pour 'const _Ty &' à partir de 'int'
C:\Program Files (x86)\Microsoft Visual Studio\2019\Community\VC\Tools\MSVC\14.28.29333\include\utility(65): message : voir la déclaration de 'std::min'
C:\Dev\C++\FormationCPlusPlus\08-Autres_nouveautes_C++11\Decltype01\Decltype01\Decltype01.cpp(28,22): error C2780: 'const _Ty &std::min(const _Ty &,const _Ty &,_Pr) noexcept(<expr>)' : 3 arguments attendus - 2 fournis
C:\Program Files (x86)\Microsoft Visual Studio\2019\Community\VC\Tools\MSVC\14.28.29333\include\utility(56): message : voir la déclaration de 'std::min'
C:\Dev\C++\FormationCPlusPlus\08-Autres_nouveautes_C++11\Decltype01\Decltype01\Decltype01.cpp(29,27): error C3536: 'min1' : ne peut pas être utilisé avant d'avoir été initialisé
C:\Dev\C++\FormationCPlusPlus\08-Autres_nouveautes_C++11\Decltype01\Decltype01\Decltype01.cpp(32,14): error C2672: 'min' : fonction correspondante surchargée introuvable
C:\Dev\C++\FormationCPlusPlus\08-Autres_nouveautes_C++11\Decltype01\Decltype01\Decltype01.cpp(32,22): error C2782: 'auto min(T1 &,T1 &)' : paramètre modèle 'T1' ambigu
C:\Dev\C++\FormationCPlusPlus\08-Autres_nouveautes_C++11\Decltype01\Decltype01\Decltype01.cpp(12): message : voir la déclaration de 'min'
C:\Dev\C++\FormationCPlusPlus\08-Autres_nouveautes_C++11\Decltype01\Decltype01\Decltype01.cpp(32,22): message : est peut-être 'double'
C:\Dev\C++\FormationCPlusPlus\08-Autres_nouveautes_C++11\Decltype01\Decltype01\Decltype01.cpp(32,22): message : ou       'int'
C:\Dev\C++\FormationCPlusPlus\08-Autres_nouveautes_C++11\Decltype01\Decltype01\Decltype01.cpp(32,22): error C2784: 'auto min(T1 &,T1 &)' : impossible de déduire l'argument modèle pour 'T1 &' à partir de 'double'
C:\Dev\C++\FormationCPlusPlus\08-Autres_nouveautes_C++11\Decltype01\Decltype01\Decltype01.cpp(12): message : voir la déclaration de 'min'
C:\Dev\C++\FormationCPlusPlus\08-Autres_nouveautes_C++11\Decltype01\Decltype01\Decltype01.cpp(32,22): error C2780: '_Ty std::min(std::initializer_list<_Elem>)' : 1 arguments attendus - 2 fournis
C:\Program Files (x86)\Microsoft Visual Studio\2019\Community\VC\Tools\MSVC\14.28.29333\include\utility(76): message : voir la déclaration de 'std::min'
C:\Dev\C++\FormationCPlusPlus\08-Autres_nouveautes_C++11\Decltype01\Decltype01\Decltype01.cpp(32,22): error C2784: '_Ty std::min(std::initializer_list<_Elem>,_Pr)' : impossible de déduire l'argument modèle pour 'std::initializer_list<_Elem>' à partir de 'int'
C:\Program Files (x86)\Microsoft Visual Studio\2019\Community\VC\Tools\MSVC\14.28.29333\include\utility(73): message : voir la déclaration de 'std::min'
C:\Dev\C++\FormationCPlusPlus\08-Autres_nouveautes_C++11\Decltype01\Decltype01\Decltype01.cpp(32,22): error C2782: 'const _Ty &std::min(const _Ty &,const _Ty &) noexcept(<expr>)' : paramètre modèle '_Ty' ambigu
C:\Program Files (x86)\Microsoft Visual Studio\2019\Community\VC\Tools\MSVC\14.28.29333\include\utility(65): message : voir la déclaration de 'std::min'
C:\Dev\C++\FormationCPlusPlus\08-Autres_nouveautes_C++11\Decltype01\Decltype01\Decltype01.cpp(32,22): message : est peut-être 'double'
C:\Dev\C++\FormationCPlusPlus\08-Autres_nouveautes_C++11\Decltype01\Decltype01\Decltype01.cpp(32,22): message : ou       'int'
C:\Dev\C++\FormationCPlusPlus\08-Autres_nouveautes_C++11\Decltype01\Decltype01\Decltype01.cpp(32,22): error C2784: 'const _Ty &std::min(const _Ty &,const _Ty &) noexcept(<expr>)' : impossible de déduire l'argument modèle pour 'const _Ty &' à partir de 'double'
C:\Program Files (x86)\Microsoft Visual Studio\2019\Community\VC\Tools\MSVC\14.28.29333\include\utility(65): message : voir la déclaration de 'std::min'
C:\Dev\C++\FormationCPlusPlus\08-Autres_nouveautes_C++11\Decltype01\Decltype01\Decltype01.cpp(32,22): error C2780: 'const _Ty &std::min(const _Ty &,const _Ty &,_Pr) noexcept(<expr>)' : 3 arguments attendus - 2 fournis
C:\Program Files (x86)\Microsoft Visual Studio\2019\Community\VC\Tools\MSVC\14.28.29333\include\utility(56): message : voir la déclaration de 'std::min'
C:\Dev\C++\FormationCPlusPlus\08-Autres_nouveautes_C++11\Decltype01\Decltype01\Decltype01.cpp(33,27): error C3536: 'min2' : ne peut pas être utilisé avant d'avoir été initialisé
  Génération de code en cours...
