c:\professionnel\cours\prestations\2019\750-plb-c++ avancé (4j)-intra 5891\ateliers-visualstudio2017\c++avance\pattern01_s\pattern01_s\debug\pattern01_s.pch
c:\professionnel\cours\prestations\2019\750-plb-c++ avancé (4j)-intra 5891\ateliers-visualstudio2017\c++avance\pattern01_s\pattern01_s\debug\vc141.pdb
c:\professionnel\cours\prestations\2019\750-plb-c++ avancé (4j)-intra 5891\ateliers-visualstudio2017\c++avance\pattern01_s\pattern01_s\debug\vc141.idb
c:\professionnel\cours\prestations\2019\750-plb-c++ avancé (4j)-intra 5891\ateliers-visualstudio2017\c++avance\pattern01_s\pattern01_s\debug\stdafx.obj
c:\professionnel\cours\prestations\2019\750-plb-c++ avancé (4j)-intra 5891\ateliers-visualstudio2017\c++avance\pattern01_s\pattern01_s\debug\sequencegenerator.obj
c:\professionnel\cours\prestations\2019\750-plb-c++ avancé (4j)-intra 5891\ateliers-visualstudio2017\c++avance\pattern01_s\pattern01_s\debug\main.obj
c:\professionnel\cours\prestations\2019\750-plb-c++ avancé (4j)-intra 5891\ateliers-visualstudio2017\c++avance\pattern01_s\debug\pattern01_s.ilk
c:\professionnel\cours\prestations\2019\750-plb-c++ avancé (4j)-intra 5891\ateliers-visualstudio2017\c++avance\pattern01_s\debug\pattern01_s.exe
c:\professionnel\cours\prestations\2019\750-plb-c++ avancé (4j)-intra 5891\ateliers-visualstudio2017\c++avance\pattern01_s\debug\pattern01_s.pdb
c:\dev\c++\formationcplusplus\05-designpatterns\pattern01_s\pattern01_s\debug\main.obj
c:\dev\c++\formationcplusplus\05-designpatterns\pattern01_s\pattern01_s\debug\sequencegenerator.obj
c:\dev\c++\formationcplusplus\05-designpatterns\pattern01_s\pattern01_s\debug\stdafx.obj
c:\dev\c++\formationcplusplus\05-designpatterns\pattern01_s\pattern01_s\debug\pattern01_s.pch
c:\dev\c++\formationcplusplus\05-designpatterns\pattern01_s\pattern01_s\debug\vc141.idb
c:\dev\c++\formationcplusplus\05-designpatterns\pattern01_s\pattern01_s\debug\vc141.pdb
c:\dev\c++\formationcplusplus\05-designpatterns\pattern01_s\pattern01_s\debug\pattern01_s.tlog\cl.command.1.tlog
c:\dev\c++\formationcplusplus\05-designpatterns\pattern01_s\pattern01_s\debug\pattern01_s.tlog\cl.read.1.tlog
c:\dev\c++\formationcplusplus\05-designpatterns\pattern01_s\pattern01_s\debug\pattern01_s.tlog\cl.write.1.tlog
c:\dev\c++\formationcplusplus\05-designpatterns\pattern01_s\pattern01_s\debug\pattern01_s.tlog\link.command.1.tlog
c:\dev\c++\formationcplusplus\05-designpatterns\pattern01_s\pattern01_s\debug\pattern01_s.tlog\link.read.1.tlog
c:\dev\c++\formationcplusplus\05-designpatterns\pattern01_s\pattern01_s\debug\pattern01_s.tlog\link.write.1.tlog
