  Cpp06_s.cpp
C:\Program Files (x86)\Microsoft Visual Studio\2019\Community\VC\Tools\MSVC\14.27.29110\include\limits.h(69,5): warning C4668: '__STDC_WANT_SECURE_LIB__' non défini(e) comme préprocesseur ou macro, remplacement par '0' pour '#if/#elif'
C:\Program Files (x86)\Windows Kits\10\Include\10.0.18362.0\ucrt\corecrt_math.h(290,31): warning C4514: 'fpclassify' : la fonction inline non référencée a été supprimée
C:\Program Files (x86)\Windows Kits\10\Include\10.0.18362.0\ucrt\corecrt_math.h(295,31): warning C4514: 'fpclassify' : la fonction inline non référencée a été supprimée
C:\Program Files (x86)\Windows Kits\10\Include\10.0.18362.0\ucrt\corecrt_math.h(300,31): warning C4514: 'fpclassify' : la fonction inline non référencée a été supprimée
C:\Program Files (x86)\Windows Kits\10\Include\10.0.18362.0\ucrt\corecrt_math.h(305,32): warning C4514: 'signbit' : la fonction inline non référencée a été supprimée
C:\Program Files (x86)\Windows Kits\10\Include\10.0.18362.0\ucrt\corecrt_math.h(310,32): warning C4514: 'signbit' : la fonction inline non référencée a été supprimée
C:\Program Files (x86)\Windows Kits\10\Include\10.0.18362.0\ucrt\corecrt_math.h(315,32): warning C4514: 'signbit' : la fonction inline non référencée a été supprimée
C:\Program Files (x86)\Windows Kits\10\Include\10.0.18362.0\ucrt\corecrt_math.h(320,31): warning C4514: '_fpcomp' : la fonction inline non référencée a été supprimée
C:\Program Files (x86)\Windows Kits\10\Include\10.0.18362.0\ucrt\corecrt_math.h(325,31): warning C4514: '_fpcomp' : la fonction inline non référencée a été supprimée
C:\Program Files (x86)\Windows Kits\10\Include\10.0.18362.0\ucrt\corecrt_math.h(330,31): warning C4514: '_fpcomp' : la fonction inline non référencée a été supprimée
C:\Program Files (x86)\Windows Kits\10\Include\10.0.18362.0\ucrt\corecrt_math.h(808,51): warning C4514: '_chgsignl' : la fonction inline non référencée a été supprimée
C:\Program Files (x86)\Windows Kits\10\Include\10.0.18362.0\ucrt\corecrt_math.h(815,51): warning C4514: '_copysignl' : la fonction inline non référencée a été supprimée
C:\Program Files (x86)\Windows Kits\10\Include\10.0.18362.0\ucrt\corecrt_math.h(869,51): warning C4514: '_hypotl' : la fonction inline non référencée a été supprimée
C:\Program Files (x86)\Windows Kits\10\Include\10.0.18362.0\ucrt\stdlib.h(359,17): warning C4514: 'abs' : la fonction inline non référencée a été supprimée
C:\Program Files (x86)\Windows Kits\10\Include\10.0.18362.0\ucrt\stdlib.h(364,22): warning C4514: 'abs' : la fonction inline non référencée a été supprimée
C:\Program Files (x86)\Windows Kits\10\Include\10.0.18362.0\ucrt\stdlib.h(369,19): warning C4514: 'div' : la fonction inline non référencée a été supprimée
C:\Program Files (x86)\Windows Kits\10\Include\10.0.18362.0\ucrt\stdlib.h(374,20): warning C4514: 'div' : la fonction inline non référencée a été supprimée
C:\Program Files (x86)\Windows Kits\10\Include\10.0.18362.0\ucrt\corecrt_wstdio.h(311,37): warning C4514: 'vfwprintf' : la fonction inline non référencée a été supprimée
C:\Program Files (x86)\Windows Kits\10\Include\10.0.18362.0\ucrt\corecrt_wstdio.h(342,41): warning C4514: 'vfwprintf_s' : la fonction inline non référencée a été supprimée
C:\Program Files (x86)\Windows Kits\10\Include\10.0.18362.0\ucrt\corecrt_wstdio.h(373,37): warning C4514: '_vfwprintf_p' : la fonction inline non référencée a été supprimée
C:\Program Files (x86)\Windows Kits\10\Include\10.0.18362.0\ucrt\corecrt_wstdio.h(387,37): warning C4514: '_vwprintf_l' : la fonction inline non référencée a été supprimée
C:\Program Files (x86)\Windows Kits\10\Include\10.0.18362.0\ucrt\corecrt_wstdio.h(401,37): warning C4514: 'vwprintf' : la fonction inline non référencée a été supprimée
C:\Program Files (x86)\Windows Kits\10\Include\10.0.18362.0\ucrt\corecrt_wstdio.h(414,37): warning C4514: '_vwprintf_s_l' : la fonction inline non référencée a été supprimée
C:\Program Files (x86)\Windows Kits\10\Include\10.0.18362.0\ucrt\corecrt_wstdio.h(430,41): warning C4514: 'vwprintf_s' : la fonction inline non référencée a été supprimée
C:\Program Files (x86)\Windows Kits\10\Include\10.0.18362.0\ucrt\corecrt_wstdio.h(445,37): warning C4514: '_vwprintf_p_l' : la fonction inline non référencée a été supprimée
C:\Program Files (x86)\Windows Kits\10\Include\10.0.18362.0\ucrt\corecrt_wstdio.h(459,37): warning C4514: '_vwprintf_p' : la fonction inline non référencée a été supprimée
C:\Program Files (x86)\Windows Kits\10\Include\10.0.18362.0\ucrt\corecrt_wstdio.h(472,37): warning C4514: '_fwprintf_l' : la fonction inline non référencée a été supprimée
C:\Program Files (x86)\Windows Kits\10\Include\10.0.18362.0\ucrt\corecrt_wstdio.h(491,37): warning C4514: 'fwprintf' : la fonction inline non référencée a été supprimée
C:\Program Files (x86)\Windows Kits\10\Include\10.0.18362.0\ucrt\corecrt_wstdio.h(509,37): warning C4514: '_fwprintf_s_l' : la fonction inline non référencée a été supprimée
C:\Program Files (x86)\Windows Kits\10\Include\10.0.18362.0\ucrt\corecrt_wstdio.h(530,41): warning C4514: 'fwprintf_s' : la fonction inline non référencée a été supprimée
C:\Program Files (x86)\Windows Kits\10\Include\10.0.18362.0\ucrt\corecrt_wstdio.h(550,37): warning C4514: '_fwprintf_p_l' : la fonction inline non référencée a été supprimée
C:\Program Files (x86)\Windows Kits\10\Include\10.0.18362.0\ucrt\corecrt_wstdio.h(569,37): warning C4514: '_fwprintf_p' : la fonction inline non référencée a été supprimée
C:\Program Files (x86)\Windows Kits\10\Include\10.0.18362.0\ucrt\corecrt_wstdio.h(587,37): warning C4514: '_wprintf_l' : la fonction inline non référencée a été supprimée
C:\Program Files (x86)\Windows Kits\10\Include\10.0.18362.0\ucrt\corecrt_wstdio.h(605,37): warning C4514: 'wprintf' : la fonction inline non référencée a été supprimée
C:\Program Files (x86)\Windows Kits\10\Include\10.0.18362.0\ucrt\corecrt_wstdio.h(622,37): warning C4514: '_wprintf_s_l' : la fonction inline non référencée a été supprimée
C:\Program Files (x86)\Windows Kits\10\Include\10.0.18362.0\ucrt\corecrt_wstdio.h(642,41): warning C4514: 'wprintf_s' : la fonction inline non référencée a été supprimée
C:\Program Files (x86)\Windows Kits\10\Include\10.0.18362.0\ucrt\corecrt_wstdio.h(661,37): warning C4514: '_wprintf_p_l' : la fonction inline non référencée a été supprimée
C:\Program Files (x86)\Windows Kits\10\Include\10.0.18362.0\ucrt\corecrt_wstdio.h(679,37): warning C4514: '_wprintf_p' : la fonction inline non référencée a été supprimée
C:\Program Files (x86)\Windows Kits\10\Include\10.0.18362.0\ucrt\corecrt_wstdio.h(728,37): warning C4514: 'vfwscanf' : la fonction inline non référencée a été supprimée
C:\Program Files (x86)\Windows Kits\10\Include\10.0.18362.0\ucrt\corecrt_wstdio.h(761,41): warning C4514: 'vfwscanf_s' : la fonction inline non référencée a été supprimée
C:\Program Files (x86)\Windows Kits\10\Include\10.0.18362.0\ucrt\corecrt_wstdio.h(776,37): warning C4514: '_vwscanf_l' : la fonction inline non référencée a été supprimée
C:\Program Files (x86)\Windows Kits\10\Include\10.0.18362.0\ucrt\corecrt_wstdio.h(790,37): warning C4514: 'vwscanf' : la fonction inline non référencée a été supprimée
C:\Program Files (x86)\Windows Kits\10\Include\10.0.18362.0\ucrt\corecrt_wstdio.h(803,37): warning C4514: '_vwscanf_s_l' : la fonction inline non référencée a été supprimée
C:\Program Files (x86)\Windows Kits\10\Include\10.0.18362.0\ucrt\corecrt_wstdio.h(819,41): warning C4514: 'vwscanf_s' : la fonction inline non référencée a été supprimée
C:\Program Files (x86)\Windows Kits\10\Include\10.0.18362.0\ucrt\corecrt_wstdio.h(834,37): warning C4514: '_fwscanf_l' : la fonction inline non référencée a été supprimée
C:\Program Files (x86)\Windows Kits\10\Include\10.0.18362.0\ucrt\corecrt_wstdio.h(853,37): warning C4514: 'fwscanf' : la fonction inline non référencée a été supprimée
C:\Program Files (x86)\Windows Kits\10\Include\10.0.18362.0\ucrt\corecrt_wstdio.h(871,37): warning C4514: '_fwscanf_s_l' : la fonction inline non référencée a été supprimée
C:\Program Files (x86)\Windows Kits\10\Include\10.0.18362.0\ucrt\corecrt_wstdio.h(892,41): warning C4514: 'fwscanf_s' : la fonction inline non référencée a été supprimée
C:\Program Files (x86)\Windows Kits\10\Include\10.0.18362.0\ucrt\corecrt_wstdio.h(912,37): warning C4514: '_wscanf_l' : la fonction inline non référencée a été supprimée
C:\Program Files (x86)\Windows Kits\10\Include\10.0.18362.0\ucrt\corecrt_wstdio.h(930,37): warning C4514: 'wscanf' : la fonction inline non référencée a été supprimée
C:\Program Files (x86)\Windows Kits\10\Include\10.0.18362.0\ucrt\corecrt_wstdio.h(947,37): warning C4514: '_wscanf_s_l' : la fonction inline non référencée a été supprimée
C:\Program Files (x86)\Windows Kits\10\Include\10.0.18362.0\ucrt\corecrt_wstdio.h(967,41): warning C4514: 'wscanf_s' : la fonction inline non référencée a été supprimée
C:\Program Files (x86)\Windows Kits\10\Include\10.0.18362.0\ucrt\corecrt_wstdio.h(1094,37): warning C4514: '_vsnwprintf_s' : la fonction inline non référencée a été supprimée
C:\Program Files (x86)\Windows Kits\10\Include\10.0.18362.0\ucrt\corecrt_wstdio.h(1122,37): warning C4514: '_vsnwprintf' : la fonction inline non référencée a été supprimée
C:\Program Files (x86)\Windows Kits\10\Include\10.0.18362.0\ucrt\corecrt_wstdio.h(1171,37): warning C4514: '_vswprintf_c' : la fonction inline non référencée a été supprimée
C:\Program Files (x86)\Windows Kits\10\Include\10.0.18362.0\ucrt\corecrt_wstdio.h(1223,37): warning C4514: '_vswprintf' : la fonction inline non référencée a été supprimée
C:\Program Files (x86)\Windows Kits\10\Include\10.0.18362.0\ucrt\corecrt_wstdio.h(1276,41): warning C4514: 'vswprintf_s' : la fonction inline non référencée a été supprimée
C:\Program Files (x86)\Windows Kits\10\Include\10.0.18362.0\ucrt\corecrt_wstdio.h(1323,37): warning C4514: '_vswprintf_p' : la fonction inline non référencée a été supprimée
C:\Program Files (x86)\Windows Kits\10\Include\10.0.18362.0\ucrt\corecrt_wstdio.h(1358,37): warning C4514: '_vscwprintf' : la fonction inline non référencée a été supprimée
C:\Program Files (x86)\Windows Kits\10\Include\10.0.18362.0\ucrt\corecrt_wstdio.h(1391,37): warning C4514: '_vscwprintf_p' : la fonction inline non référencée a été supprimée
C:\Program Files (x86)\Windows Kits\10\Include\10.0.18362.0\ucrt\corecrt_wstdio.h(1405,37): warning C4514: '__swprintf_l' : la fonction inline non référencée a été supprimée
C:\Program Files (x86)\Windows Kits\10\Include\10.0.18362.0\ucrt\corecrt_wstdio.h(1425,37): warning C4514: '_swprintf_l' : la fonction inline non référencée a été supprimée
C:\Program Files (x86)\Windows Kits\10\Include\10.0.18362.0\ucrt\corecrt_wstdio.h(1446,37): warning C4514: '_swprintf' : la fonction inline non référencée a été supprimée
C:\Program Files (x86)\Windows Kits\10\Include\10.0.18362.0\ucrt\corecrt_wstdio.h(1465,37): warning C4514: 'swprintf' : la fonction inline non référencée a été supprimée
C:\Program Files (x86)\Windows Kits\10\Include\10.0.18362.0\ucrt\corecrt_wstdio.h(1508,37): warning C4514: '_swprintf_s_l' : la fonction inline non référencée a été supprimée
C:\Program Files (x86)\Windows Kits\10\Include\10.0.18362.0\ucrt\corecrt_wstdio.h(1530,41): warning C4514: 'swprintf_s' : la fonction inline non référencée a été supprimée
C:\Program Files (x86)\Windows Kits\10\Include\10.0.18362.0\ucrt\corecrt_wstdio.h(1559,37): warning C4514: '_swprintf_p_l' : la fonction inline non référencée a été supprimée
C:\Program Files (x86)\Windows Kits\10\Include\10.0.18362.0\ucrt\corecrt_wstdio.h(1580,37): warning C4514: '_swprintf_p' : la fonction inline non référencée a été supprimée
C:\Program Files (x86)\Windows Kits\10\Include\10.0.18362.0\ucrt\corecrt_wstdio.h(1600,37): warning C4514: '_swprintf_c_l' : la fonction inline non référencée a été supprimée
C:\Program Files (x86)\Windows Kits\10\Include\10.0.18362.0\ucrt\corecrt_wstdio.h(1621,37): warning C4514: '_swprintf_c' : la fonction inline non référencée a été supprimée
C:\Program Files (x86)\Windows Kits\10\Include\10.0.18362.0\ucrt\corecrt_wstdio.h(1641,37): warning C4514: '_snwprintf_l' : la fonction inline non référencée a été supprimée
C:\Program Files (x86)\Windows Kits\10\Include\10.0.18362.0\ucrt\corecrt_wstdio.h(1667,37): warning C4514: '_snwprintf' : la fonction inline non référencée a été supprimée
C:\Program Files (x86)\Windows Kits\10\Include\10.0.18362.0\ucrt\corecrt_wstdio.h(1692,37): warning C4514: '_snwprintf_s_l' : la fonction inline non référencée a été supprimée
C:\Program Files (x86)\Windows Kits\10\Include\10.0.18362.0\ucrt\corecrt_wstdio.h(1714,37): warning C4514: '_snwprintf_s' : la fonction inline non référencée a été supprimée
C:\Program Files (x86)\Windows Kits\10\Include\10.0.18362.0\ucrt\corecrt_wstdio.h(1742,37): warning C4514: '_scwprintf_l' : la fonction inline non référencée a été supprimée
C:\Program Files (x86)\Windows Kits\10\Include\10.0.18362.0\ucrt\corecrt_wstdio.h(1761,37): warning C4514: '_scwprintf' : la fonction inline non référencée a été supprimée
C:\Program Files (x86)\Windows Kits\10\Include\10.0.18362.0\ucrt\corecrt_wstdio.h(1779,37): warning C4514: '_scwprintf_p_l' : la fonction inline non référencée a été supprimée
C:\Program Files (x86)\Windows Kits\10\Include\10.0.18362.0\ucrt\corecrt_wstdio.h(1798,37): warning C4514: '_scwprintf_p' : la fonction inline non référencée a été supprimée
C:\Program Files (x86)\Windows Kits\10\Include\10.0.18362.0\ucrt\corecrt_wstdio.h(1822,24): warning C4514: 'swprintf' : la fonction inline non référencée a été supprimée
C:\Program Files (x86)\Windows Kits\10\Include\10.0.18362.0\ucrt\corecrt_wstdio.h(1837,34): warning C4514: 'vswprintf' : la fonction inline non référencée a été supprimée
C:\Program Files (x86)\Windows Kits\10\Include\10.0.18362.0\ucrt\corecrt_wstdio.h(1848,24): warning C4514: '_swprintf_l' : la fonction inline non référencée a été supprimée
C:\Program Files (x86)\Windows Kits\10\Include\10.0.18362.0\ucrt\corecrt_wstdio.h(1863,34): warning C4514: '_vswprintf_l' : la fonction inline non référencée a été supprimée
C:\Program Files (x86)\Windows Kits\10\Include\10.0.18362.0\ucrt\corecrt_wstdio.h(1921,37): warning C4514: 'vswscanf' : la fonction inline non référencée a été supprimée
C:\Program Files (x86)\Windows Kits\10\Include\10.0.18362.0\ucrt\corecrt_wstdio.h(1956,41): warning C4514: 'vswscanf_s' : la fonction inline non référencée a été supprimée
C:\Program Files (x86)\Windows Kits\10\Include\10.0.18362.0\ucrt\corecrt_wstdio.h(2019,37): warning C4514: '_swscanf_l' : la fonction inline non référencée a été supprimée
C:\Program Files (x86)\Windows Kits\10\Include\10.0.18362.0\ucrt\corecrt_wstdio.h(2039,37): warning C4514: 'swscanf' : la fonction inline non référencée a été supprimée
C:\Program Files (x86)\Windows Kits\10\Include\10.0.18362.0\ucrt\corecrt_wstdio.h(2058,37): warning C4514: '_swscanf_s_l' : la fonction inline non référencée a été supprimée
C:\Program Files (x86)\Windows Kits\10\Include\10.0.18362.0\ucrt\corecrt_wstdio.h(2080,41): warning C4514: 'swscanf_s' : la fonction inline non référencée a été supprimée
C:\Program Files (x86)\Windows Kits\10\Include\10.0.18362.0\ucrt\corecrt_wstdio.h(2101,37): warning C4514: '_snwscanf_l' : la fonction inline non référencée a été supprimée
C:\Program Files (x86)\Windows Kits\10\Include\10.0.18362.0\ucrt\corecrt_wstdio.h(2127,37): warning C4514: '_snwscanf' : la fonction inline non référencée a été supprimée
C:\Program Files (x86)\Windows Kits\10\Include\10.0.18362.0\ucrt\corecrt_wstdio.h(2152,37): warning C4514: '_snwscanf_s_l' : la fonction inline non référencée a été supprimée
C:\Program Files (x86)\Windows Kits\10\Include\10.0.18362.0\ucrt\corecrt_wstdio.h(2173,37): warning C4514: '_snwscanf_s' : la fonction inline non référencée a été supprimée
C:\Program Files (x86)\Windows Kits\10\Include\10.0.18362.0\ucrt\stdio.h(648,37): warning C4514: 'vfprintf' : la fonction inline non référencée a été supprimée
C:\Program Files (x86)\Windows Kits\10\Include\10.0.18362.0\ucrt\stdio.h(679,41): warning C4514: 'vfprintf_s' : la fonction inline non référencée a été supprimée
C:\Program Files (x86)\Windows Kits\10\Include\10.0.18362.0\ucrt\stdio.h(710,37): warning C4514: '_vfprintf_p' : la fonction inline non référencée a été supprimée
C:\Program Files (x86)\Windows Kits\10\Include\10.0.18362.0\ucrt\stdio.h(724,37): warning C4514: '_vprintf_l' : la fonction inline non référencée a été supprimée
C:\Program Files (x86)\Windows Kits\10\Include\10.0.18362.0\ucrt\stdio.h(738,37): warning C4514: 'vprintf' : la fonction inline non référencée a été supprimée
C:\Program Files (x86)\Windows Kits\10\Include\10.0.18362.0\ucrt\stdio.h(751,37): warning C4514: '_vprintf_s_l' : la fonction inline non référencée a été supprimée
C:\Program Files (x86)\Windows Kits\10\Include\10.0.18362.0\ucrt\stdio.h(767,41): warning C4514: 'vprintf_s' : la fonction inline non référencée a été supprimée
C:\Program Files (x86)\Windows Kits\10\Include\10.0.18362.0\ucrt\stdio.h(782,37): warning C4514: '_vprintf_p_l' : la fonction inline non référencée a été supprimée
C:\Program Files (x86)\Windows Kits\10\Include\10.0.18362.0\ucrt\stdio.h(796,37): warning C4514: '_vprintf_p' : la fonction inline non référencée a été supprimée
C:\Program Files (x86)\Windows Kits\10\Include\10.0.18362.0\ucrt\stdio.h(809,37): warning C4514: '_fprintf_l' : la fonction inline non référencée a été supprimée
C:\Program Files (x86)\Windows Kits\10\Include\10.0.18362.0\ucrt\stdio.h(828,37): warning C4514: 'fprintf' : la fonction inline non référencée a été supprimée
C:\Program Files (x86)\Windows Kits\10\Include\10.0.18362.0\ucrt\stdio.h(852,37): warning C4514: '_fprintf_s_l' : la fonction inline non référencée a été supprimée
C:\Program Files (x86)\Windows Kits\10\Include\10.0.18362.0\ucrt\stdio.h(873,41): warning C4514: 'fprintf_s' : la fonction inline non référencée a été supprimée
C:\Program Files (x86)\Windows Kits\10\Include\10.0.18362.0\ucrt\stdio.h(893,37): warning C4514: '_fprintf_p_l' : la fonction inline non référencée a été supprimée
C:\Program Files (x86)\Windows Kits\10\Include\10.0.18362.0\ucrt\stdio.h(912,37): warning C4514: '_fprintf_p' : la fonction inline non référencée a été supprimée
C:\Program Files (x86)\Windows Kits\10\Include\10.0.18362.0\ucrt\stdio.h(930,37): warning C4514: '_printf_l' : la fonction inline non référencée a été supprimée
C:\Program Files (x86)\Windows Kits\10\Include\10.0.18362.0\ucrt\stdio.h(948,37): warning C4514: 'printf' : la fonction inline non référencée a été supprimée
C:\Program Files (x86)\Windows Kits\10\Include\10.0.18362.0\ucrt\stdio.h(965,37): warning C4514: '_printf_s_l' : la fonction inline non référencée a été supprimée
C:\Program Files (x86)\Windows Kits\10\Include\10.0.18362.0\ucrt\stdio.h(985,41): warning C4514: 'printf_s' : la fonction inline non référencée a été supprimée
C:\Program Files (x86)\Windows Kits\10\Include\10.0.18362.0\ucrt\stdio.h(1004,37): warning C4514: '_printf_p_l' : la fonction inline non référencée a été supprimée
C:\Program Files (x86)\Windows Kits\10\Include\10.0.18362.0\ucrt\stdio.h(1022,37): warning C4514: '_printf_p' : la fonction inline non référencée a été supprimée
C:\Program Files (x86)\Windows Kits\10\Include\10.0.18362.0\ucrt\stdio.h(1070,37): warning C4514: 'vfscanf' : la fonction inline non référencée a été supprimée
C:\Program Files (x86)\Windows Kits\10\Include\10.0.18362.0\ucrt\stdio.h(1104,41): warning C4514: 'vfscanf_s' : la fonction inline non référencée a été supprimée
C:\Program Files (x86)\Windows Kits\10\Include\10.0.18362.0\ucrt\stdio.h(1120,37): warning C4514: '_vscanf_l' : la fonction inline non référencée a été supprimée
C:\Program Files (x86)\Windows Kits\10\Include\10.0.18362.0\ucrt\stdio.h(1134,37): warning C4514: 'vscanf' : la fonction inline non référencée a été supprimée
C:\Program Files (x86)\Windows Kits\10\Include\10.0.18362.0\ucrt\stdio.h(1147,37): warning C4514: '_vscanf_s_l' : la fonction inline non référencée a été supprimée
C:\Program Files (x86)\Windows Kits\10\Include\10.0.18362.0\ucrt\stdio.h(1163,41): warning C4514: 'vscanf_s' : la fonction inline non référencée a été supprimée
C:\Program Files (x86)\Windows Kits\10\Include\10.0.18362.0\ucrt\stdio.h(1178,37): warning C4514: '_fscanf_l' : la fonction inline non référencée a été supprimée
C:\Program Files (x86)\Windows Kits\10\Include\10.0.18362.0\ucrt\stdio.h(1197,37): warning C4514: 'fscanf' : la fonction inline non référencée a été supprimée
C:\Program Files (x86)\Windows Kits\10\Include\10.0.18362.0\ucrt\stdio.h(1215,37): warning C4514: '_fscanf_s_l' : la fonction inline non référencée a été supprimée
C:\Program Files (x86)\Windows Kits\10\Include\10.0.18362.0\ucrt\stdio.h(1236,41): warning C4514: 'fscanf_s' : la fonction inline non référencée a été supprimée
C:\Program Files (x86)\Windows Kits\10\Include\10.0.18362.0\ucrt\stdio.h(1256,37): warning C4514: '_scanf_l' : la fonction inline non référencée a été supprimée
C:\Program Files (x86)\Windows Kits\10\Include\10.0.18362.0\ucrt\stdio.h(1274,37): warning C4514: 'scanf' : la fonction inline non référencée a été supprimée
C:\Program Files (x86)\Windows Kits\10\Include\10.0.18362.0\ucrt\stdio.h(1291,37): warning C4514: '_scanf_s_l' : la fonction inline non référencée a été supprimée
C:\Program Files (x86)\Windows Kits\10\Include\10.0.18362.0\ucrt\stdio.h(1311,41): warning C4514: 'scanf_s' : la fonction inline non référencée a été supprimée
C:\Program Files (x86)\Windows Kits\10\Include\10.0.18362.0\ucrt\stdio.h(1469,37): warning C4514: 'vsprintf' : la fonction inline non référencée a été supprimée
C:\Program Files (x86)\Windows Kits\10\Include\10.0.18362.0\ucrt\stdio.h(1510,41): warning C4514: 'vsprintf_s' : la fonction inline non référencée a été supprimée
C:\Program Files (x86)\Windows Kits\10\Include\10.0.18362.0\ucrt\stdio.h(1557,37): warning C4514: '_vsprintf_p' : la fonction inline non référencée a été supprimée
C:\Program Files (x86)\Windows Kits\10\Include\10.0.18362.0\ucrt\stdio.h(1595,37): warning C4514: '_vsnprintf_s' : la fonction inline non référencée a été supprimée
C:\Program Files (x86)\Windows Kits\10\Include\10.0.18362.0\ucrt\stdio.h(1623,41): warning C4514: 'vsnprintf_s' : la fonction inline non référencée a été supprimée
C:\Program Files (x86)\Windows Kits\10\Include\10.0.18362.0\ucrt\stdio.h(1668,37): warning C4514: '_vscprintf' : la fonction inline non référencée a été supprimée
C:\Program Files (x86)\Windows Kits\10\Include\10.0.18362.0\ucrt\stdio.h(1733,37): warning C4514: '_vsnprintf_c' : la fonction inline non référencée a été supprimée
C:\Program Files (x86)\Windows Kits\10\Include\10.0.18362.0\ucrt\stdio.h(1749,37): warning C4514: '_sprintf_l' : la fonction inline non référencée a été supprimée
C:\Program Files (x86)\Windows Kits\10\Include\10.0.18362.0\ucrt\stdio.h(1774,37): warning C4514: 'sprintf' : la fonction inline non référencée a été supprimée
C:\Program Files (x86)\Windows Kits\10\Include\10.0.18362.0\ucrt\stdio.h(1810,37): warning C4514: '_sprintf_s_l' : la fonction inline non référencée a été supprimée
C:\Program Files (x86)\Windows Kits\10\Include\10.0.18362.0\ucrt\stdio.h(1833,41): warning C4710: 'int sprintf_s(char *const ,const size_t,const char *const ,...)' : fonction non inlined
C:\Program Files (x86)\Windows Kits\10\Include\10.0.18362.0\ucrt\stdio.h(1833): message : voir la déclaration de 'sprintf_s'
C:\Program Files (x86)\Windows Kits\10\Include\10.0.18362.0\ucrt\stdio.h(1862,37): warning C4514: '_sprintf_p_l' : la fonction inline non référencée a été supprimée
C:\Program Files (x86)\Windows Kits\10\Include\10.0.18362.0\ucrt\stdio.h(1883,37): warning C4514: '_sprintf_p' : la fonction inline non référencée a été supprimée
C:\Program Files (x86)\Windows Kits\10\Include\10.0.18362.0\ucrt\stdio.h(1903,37): warning C4514: '_snprintf_l' : la fonction inline non référencée a été supprimée
C:\Program Files (x86)\Windows Kits\10\Include\10.0.18362.0\ucrt\stdio.h(1940,37): warning C4514: 'snprintf' : la fonction inline non référencée a été supprimée
C:\Program Files (x86)\Windows Kits\10\Include\10.0.18362.0\ucrt\stdio.h(1961,37): warning C4514: '_snprintf' : la fonction inline non référencée a été supprimée
C:\Program Files (x86)\Windows Kits\10\Include\10.0.18362.0\ucrt\stdio.h(1991,37): warning C4514: '_snprintf_c_l' : la fonction inline non référencée a été supprimée
C:\Program Files (x86)\Windows Kits\10\Include\10.0.18362.0\ucrt\stdio.h(2012,37): warning C4514: '_snprintf_c' : la fonction inline non référencée a été supprimée
C:\Program Files (x86)\Windows Kits\10\Include\10.0.18362.0\ucrt\stdio.h(2032,37): warning C4514: '_snprintf_s_l' : la fonction inline non référencée a été supprimée
C:\Program Files (x86)\Windows Kits\10\Include\10.0.18362.0\ucrt\stdio.h(2054,37): warning C4514: '_snprintf_s' : la fonction inline non référencée a été supprimée
C:\Program Files (x86)\Windows Kits\10\Include\10.0.18362.0\ucrt\stdio.h(2082,37): warning C4514: '_scprintf_l' : la fonction inline non référencée a été supprimée
C:\Program Files (x86)\Windows Kits\10\Include\10.0.18362.0\ucrt\stdio.h(2100,37): warning C4514: '_scprintf' : la fonction inline non référencée a été supprimée
C:\Program Files (x86)\Windows Kits\10\Include\10.0.18362.0\ucrt\stdio.h(2117,37): warning C4514: '_scprintf_p_l' : la fonction inline non référencée a été supprimée
C:\Program Files (x86)\Windows Kits\10\Include\10.0.18362.0\ucrt\stdio.h(2135,37): warning C4514: '_scprintf_p' : la fonction inline non référencée a été supprimée
C:\Program Files (x86)\Windows Kits\10\Include\10.0.18362.0\ucrt\stdio.h(2183,37): warning C4514: 'vsscanf' : la fonction inline non référencée a été supprimée
C:\Program Files (x86)\Windows Kits\10\Include\10.0.18362.0\ucrt\stdio.h(2244,37): warning C4514: '_sscanf_l' : la fonction inline non référencée a été supprimée
C:\Program Files (x86)\Windows Kits\10\Include\10.0.18362.0\ucrt\stdio.h(2263,37): warning C4514: 'sscanf' : la fonction inline non référencée a été supprimée
C:\Program Files (x86)\Windows Kits\10\Include\10.0.18362.0\ucrt\stdio.h(2281,37): warning C4514: '_sscanf_s_l' : la fonction inline non référencée a été supprimée
C:\Program Files (x86)\Windows Kits\10\Include\10.0.18362.0\ucrt\stdio.h(2302,41): warning C4514: 'sscanf_s' : la fonction inline non référencée a été supprimée
C:\Program Files (x86)\Windows Kits\10\Include\10.0.18362.0\ucrt\stdio.h(2330,37): warning C4514: '_snscanf_l' : la fonction inline non référencée a été supprimée
C:\Program Files (x86)\Windows Kits\10\Include\10.0.18362.0\ucrt\stdio.h(2354,37): warning C4514: '_snscanf' : la fonction inline non référencée a été supprimée
C:\Program Files (x86)\Windows Kits\10\Include\10.0.18362.0\ucrt\stdio.h(2378,37): warning C4514: '_snscanf_s_l' : la fonction inline non référencée a été supprimée
C:\Program Files (x86)\Windows Kits\10\Include\10.0.18362.0\ucrt\stdio.h(2402,37): warning C4514: '_snscanf_s' : la fonction inline non référencée a été supprimée
C:\Program Files (x86)\Windows Kits\10\Include\10.0.18362.0\ucrt\corecrt_memcpy_s.h(35,44): warning C4514: 'memcpy_s' : la fonction inline non référencée a été supprimée
C:\Program Files (x86)\Windows Kits\10\Include\10.0.18362.0\ucrt\corecrt_memcpy_s.h(64,44): warning C4514: 'memmove_s' : la fonction inline non référencée a été supprimée
C:\Program Files (x86)\Windows Kits\10\Include\10.0.18362.0\ucrt\corecrt_memory.h(100,28): warning C4514: 'memchr' : la fonction inline non référencée a été supprimée
C:\Program Files (x86)\Windows Kits\10\Include\10.0.18362.0\ucrt\corecrt_wstring.h(166,38): warning C4514: 'wcsnlen_s' : la fonction inline non référencée a été supprimée
C:\Program Files (x86)\Windows Kits\10\Include\10.0.18362.0\ucrt\corecrt_wstring.h(247,40): warning C4514: '_wcstok' : la fonction inline non référencée a été supprimée
C:\Program Files (x86)\Windows Kits\10\Include\10.0.18362.0\ucrt\corecrt_wstring.h(261,35): warning C4514: 'wcstok' : la fonction inline non référencée a été supprimée
C:\Program Files (x86)\Windows Kits\10\Include\10.0.18362.0\ucrt\corecrt_wstring.h(539,31): warning C4514: 'wcschr' : la fonction inline non référencée a été supprimée
C:\Program Files (x86)\Windows Kits\10\Include\10.0.18362.0\ucrt\corecrt_wstring.h(545,31): warning C4514: 'wcspbrk' : la fonction inline non référencée a été supprimée
C:\Program Files (x86)\Windows Kits\10\Include\10.0.18362.0\ucrt\corecrt_wstring.h(551,31): warning C4514: 'wcsrchr' : la fonction inline non référencée a été supprimée
C:\Program Files (x86)\Windows Kits\10\Include\10.0.18362.0\ucrt\corecrt_wstring.h(558,31): warning C4514: 'wcsstr' : la fonction inline non référencée a été supprimée
C:\Program Files (x86)\Windows Kits\10\Include\10.0.18362.0\ucrt\string.h(371,38): warning C4514: 'strnlen_s' : la fonction inline non référencée a été supprimée
C:\Program Files (x86)\Windows Kits\10\Include\10.0.18362.0\ucrt\string.h(504,28): warning C4514: 'strchr' : la fonction inline non référencée a été supprimée
C:\Program Files (x86)\Windows Kits\10\Include\10.0.18362.0\ucrt\string.h(510,28): warning C4514: 'strpbrk' : la fonction inline non référencée a été supprimée
C:\Program Files (x86)\Windows Kits\10\Include\10.0.18362.0\ucrt\string.h(516,28): warning C4514: 'strrchr' : la fonction inline non référencée a été supprimée
C:\Program Files (x86)\Windows Kits\10\Include\10.0.18362.0\ucrt\string.h(522,28): warning C4514: 'strstr' : la fonction inline non référencée a été supprimée
C:\Program Files (x86)\Windows Kits\10\Include\10.0.18362.0\ucrt\corecrt_wconio.h(100,37): warning C4514: '_vcwprintf' : la fonction inline non référencée a été supprimée
C:\Program Files (x86)\Windows Kits\10\Include\10.0.18362.0\ucrt\corecrt_wconio.h(127,37): warning C4514: '_vcwprintf_s' : la fonction inline non référencée a été supprimée
C:\Program Files (x86)\Windows Kits\10\Include\10.0.18362.0\ucrt\corecrt_wconio.h(154,37): warning C4514: '_vcwprintf_p' : la fonction inline non référencée a été supprimée
C:\Program Files (x86)\Windows Kits\10\Include\10.0.18362.0\ucrt\corecrt_wconio.h(167,37): warning C4514: '_cwprintf_l' : la fonction inline non référencée a été supprimée
C:\Program Files (x86)\Windows Kits\10\Include\10.0.18362.0\ucrt\corecrt_wconio.h(185,37): warning C4514: '_cwprintf' : la fonction inline non référencée a été supprimée
C:\Program Files (x86)\Windows Kits\10\Include\10.0.18362.0\ucrt\corecrt_wconio.h(202,37): warning C4514: '_cwprintf_s_l' : la fonction inline non référencée a été supprimée
C:\Program Files (x86)\Windows Kits\10\Include\10.0.18362.0\ucrt\corecrt_wconio.h(220,37): warning C4514: '_cwprintf_s' : la fonction inline non référencée a été supprimée
C:\Program Files (x86)\Windows Kits\10\Include\10.0.18362.0\ucrt\corecrt_wconio.h(237,37): warning C4514: '_cwprintf_p_l' : la fonction inline non référencée a été supprimée
C:\Program Files (x86)\Windows Kits\10\Include\10.0.18362.0\ucrt\corecrt_wconio.h(255,37): warning C4514: '_cwprintf_p' : la fonction inline non référencée a été supprimée
C:\Program Files (x86)\Windows Kits\10\Include\10.0.18362.0\ucrt\corecrt_wconio.h(303,37): warning C4514: '_vcwscanf' : la fonction inline non référencée a été supprimée
C:\Program Files (x86)\Windows Kits\10\Include\10.0.18362.0\ucrt\corecrt_wconio.h(335,37): warning C4514: '_vcwscanf_s' : la fonction inline non référencée a été supprimée
C:\Program Files (x86)\Windows Kits\10\Include\10.0.18362.0\ucrt\corecrt_wconio.h(348,37): warning C4514: '_cwscanf_l' : la fonction inline non référencée a été supprimée
C:\Program Files (x86)\Windows Kits\10\Include\10.0.18362.0\ucrt\corecrt_wconio.h(371,37): warning C4514: '_cwscanf' : la fonction inline non référencée a été supprimée
C:\Program Files (x86)\Windows Kits\10\Include\10.0.18362.0\ucrt\corecrt_wconio.h(393,37): warning C4514: '_cwscanf_s_l' : la fonction inline non référencée a été supprimée
C:\Program Files (x86)\Windows Kits\10\Include\10.0.18362.0\ucrt\corecrt_wconio.h(411,37): warning C4514: '_cwscanf_s' : la fonction inline non référencée a été supprimée
C:\Program Files (x86)\Windows Kits\10\Include\10.0.18362.0\ucrt\corecrt_wio.h(225,26): warning C4514: '_wopen' : la fonction inline non référencée a été supprimée
C:\Program Files (x86)\Windows Kits\10\Include\10.0.18362.0\ucrt\corecrt_wio.h(238,26): warning C4514: '_wsopen' : la fonction inline non référencée a été supprimée
C:\Program Files (x86)\Windows Kits\10\Include\10.0.18362.0\ucrt\corecrt_wtime.h(185,45): warning C4514: '_wctime' : la fonction inline non référencée a été supprimée
C:\Program Files (x86)\Windows Kits\10\Include\10.0.18362.0\ucrt\corecrt_wtime.h(192,43): warning C4514: '_wctime_s' : la fonction inline non référencée a été supprimée
C:\Program Files (x86)\Windows Kits\10\Include\10.0.18362.0\ucrt\sys\stat.h(234,39): warning C4514: 'fstat' : la fonction inline non référencée a été supprimée
C:\Program Files (x86)\Windows Kits\10\Include\10.0.18362.0\ucrt\sys\stat.h(239,39): warning C4514: 'stat' : la fonction inline non référencée a été supprimée
C:\Program Files (x86)\Windows Kits\10\Include\10.0.18362.0\ucrt\wchar.h(180,28): warning C4514: 'fwide' : la fonction inline non référencée a été supprimée
C:\Program Files (x86)\Windows Kits\10\Include\10.0.18362.0\ucrt\wchar.h(189,28): warning C4514: 'mbsinit' : la fonction inline non référencée a été supprimée
C:\Program Files (x86)\Windows Kits\10\Include\10.0.18362.0\ucrt\wchar.h(209,28): warning C4514: 'wmemcmp' : la fonction inline non référencée a été supprimée
C:\Program Files (x86)\Windows Kits\10\Include\10.0.18362.0\ucrt\wchar.h(268,48): warning C4514: 'wmemchr' : la fonction inline non référencée a été supprimée
C:\Program Files (x86)\Windows Kits\10\Include\10.0.18362.0\ucrt\ctype.h(165,37): warning C4514: '__ascii_iswalpha' : la fonction inline non référencée a été supprimée
C:\Program Files (x86)\Windows Kits\10\Include\10.0.18362.0\ucrt\ctype.h(170,37): warning C4514: '__ascii_iswdigit' : la fonction inline non référencée a été supprimée
C:\Program Files (x86)\Windows Kits\10\Include\10.0.18362.0\ucrt\ctype.h(175,37): warning C4514: '__ascii_towlower' : la fonction inline non référencée a été supprimée
C:\Program Files (x86)\Windows Kits\10\Include\10.0.18362.0\ucrt\ctype.h(180,37): warning C4514: '__ascii_towupper' : la fonction inline non référencée a été supprimée
C:\Program Files (x86)\Windows Kits\10\Include\10.0.18362.0\ucrt\ctype.h(234,28): warning C4514: '_ischartype_l' : la fonction inline non référencée a été supprimée
  Génération de code en cours
  Previous IPDB not found, fall back to full compilation.
C:\Program Files (x86)\Microsoft Visual Studio\2019\Community\VC\Tools\MSVC\14.27.29110\include\ostream(982): warning C4710: 'char __thiscall std::basic_ios<char,struct std::char_traits<char> >::widen(char)const ' : fonction non inlined
C:\Program Files (x86)\Microsoft Visual Studio\2019\Community\VC\Tools\MSVC\14.27.29110\include\ostream(982): warning C4710: 'class std::basic_ostream<char,struct std::char_traits<char> > & __thiscall std::basic_ostream<char,struct std::char_traits<char> >::put(char)' : fonction non inlined
C:\Program Files (x86)\Microsoft Visual Studio\2019\Community\VC\Tools\MSVC\14.27.29110\include\ostream(983): warning C4710: 'class std::basic_ostream<char,struct std::char_traits<char> > & __thiscall std::basic_ostream<char,struct std::char_traits<char> >::flush(void)' : fonction non inlined
C:\Program Files (x86)\Microsoft Visual Studio\2019\Community\VC\Tools\MSVC\14.27.29110\include\ostream(120): warning C4710: 'void __thiscall std::basic_ostream<char,struct std::char_traits<char> >::_Osfx(void)' : fonction non inlined
C:\Program Files (x86)\Microsoft Visual Studio\2019\Community\VC\Tools\MSVC\14.27.29110\include\ostream(105): warning C4710: 'class std::basic_ostream<char,struct std::char_traits<char> > & __thiscall std::basic_ostream<char,struct std::char_traits<char> >::flush(void)' : fonction non inlined
C:\Program Files (x86)\Microsoft Visual Studio\2019\Community\VC\Tools\MSVC\14.27.29110\include\ostream(750): warning C4710: 'int __thiscall std::basic_streambuf<char,struct std::char_traits<char> >::sputc(char)' : fonction non inlined
C:\Program Files (x86)\Microsoft Visual Studio\2019\Community\VC\Tools\MSVC\14.27.29110\include\ostream(757): warning C4710: '__int64 __thiscall std::basic_streambuf<char,struct std::char_traits<char> >::sputn(char const *,__int64)' : fonction non inlined
C:\Program Files (x86)\Microsoft Visual Studio\2019\Community\VC\Tools\MSVC\14.27.29110\include\ostream(763): warning C4710: 'int __thiscall std::basic_streambuf<char,struct std::char_traits<char> >::sputc(char)' : fonction non inlined
C:\Program Files (x86)\Microsoft Visual Studio\2019\Community\VC\Tools\MSVC\14.27.29110\include\ostream(771): warning C4710: 'void __thiscall std::basic_ios<char,struct std::char_traits<char> >::setstate(int,bool)' : fonction non inlined
C:\Program Files (x86)\Microsoft Visual Studio\2019\Community\VC\Tools\MSVC\14.27.29110\include\ostream(774): warning C4710: 'void __thiscall std::basic_ios<char,struct std::char_traits<char> >::setstate(int,bool)' : fonction non inlined
C:\Professionnel\Cours\Prestations\2020\813-PLB-C++-Diginext (5j)\Ateliers\VisualStudio\Cpp06_s\Cpp06_s.cpp(35): warning C4710: 'class std::basic_ostream<char,struct std::char_traits<char> > & __thiscall std::basic_ostream<char,struct std::char_traits<char> >::operator<<(int)' : fonction non inlined
C:\Professionnel\Cours\Prestations\2020\813-PLB-C++-Diginext (5j)\Ateliers\VisualStudio\Cpp06_s\Cpp06_s.cpp(22): warning C4710: 'class std::basic_ostream<char,struct std::char_traits<char> > & __thiscall std::basic_ostream<char,struct std::char_traits<char> >::operator<<(class std::basic_ostream<char,struct std::char_traits<char> > & (__cdecl*)(class std::basic_ostream<char,struct std::char_traits<char> > &))' : fonction non inlined
C:\Professionnel\Cours\Prestations\2020\813-PLB-C++-Diginext (5j)\Ateliers\VisualStudio\Cpp06_s\Cpp06_s.cpp(27): warning C4710: 'class std::basic_ostream<char,struct std::char_traits<char> > & __thiscall std::basic_ostream<char,struct std::char_traits<char> >::operator<<(class std::basic_ostream<char,struct std::char_traits<char> > & (__cdecl*)(class std::basic_ostream<char,struct std::char_traits<char> > &))' : fonction non inlined
C:\Professionnel\Cours\Prestations\2020\813-PLB-C++-Diginext (5j)\Ateliers\VisualStudio\Cpp06_s\Cpp06_s.cpp(35): warning C4710: 'class std::basic_ostream<char,struct std::char_traits<char> > & __thiscall std::basic_ostream<char,struct std::char_traits<char> >::operator<<(class std::basic_ostream<char,struct std::char_traits<char> > & (__cdecl*)(class std::basic_ostream<char,struct std::char_traits<char> > &))' : fonction non inlined
C:\Professionnel\Cours\Prestations\2020\813-PLB-C++-Diginext (5j)\Ateliers\VisualStudio\Cpp06_s\Cpp06_s.cpp(64): warning C4710: 'class std::basic_ostream<char,struct std::char_traits<char> > & __thiscall std::basic_ostream<char,struct std::char_traits<char> >::operator<<(int)' : fonction non inlined
C:\Professionnel\Cours\Prestations\2020\813-PLB-C++-Diginext (5j)\Ateliers\VisualStudio\Cpp06_s\Cpp06_s.cpp(64): warning C4710: 'class std::basic_ostream<char,struct std::char_traits<char> > & __thiscall std::basic_ostream<char,struct std::char_traits<char> >::operator<<(class std::basic_ostream<char,struct std::char_traits<char> > & (__cdecl*)(class std::basic_ostream<char,struct std::char_traits<char> > &))' : fonction non inlined
  All 20 functions were compiled because no usable IPDB/IOBJ from previous compilation was found.
  Fin de la génération du code
  Cpp06_s.vcxproj -> C:\Professionnel\Cours\Prestations\2020\813-PLB-C++-Diginext (5j)\Ateliers\VisualStudio\Cpp06_s\Release\Cpp06_s.exe
