c:\professionnel\cours\prestations\2017\670-plb-c++ avancé (4j)\ateliers\ateliers-visualstudio2015\c++avance\pattern05\pattern05\debug\pattern05.pch
c:\professionnel\cours\prestations\2017\670-plb-c++ avancé (4j)\ateliers\ateliers-visualstudio2015\c++avance\pattern05\pattern05\debug\vc140.pdb
c:\professionnel\cours\prestations\2017\670-plb-c++ avancé (4j)\ateliers\ateliers-visualstudio2015\c++avance\pattern05\pattern05\debug\vc140.idb
c:\professionnel\cours\prestations\2017\670-plb-c++ avancé (4j)\ateliers\ateliers-visualstudio2015\c++avance\pattern05\pattern05\debug\stdafx.obj
c:\professionnel\cours\prestations\2017\670-plb-c++ avancé (4j)\ateliers\ateliers-visualstudio2015\c++avance\pattern05\pattern05\debug\main.obj
c:\professionnel\cours\prestations\2017\670-plb-c++ avancé (4j)\ateliers\ateliers-visualstudio2015\c++avance\pattern05\debug\pattern05.ilk
c:\professionnel\cours\prestations\2017\670-plb-c++ avancé (4j)\ateliers\ateliers-visualstudio2015\c++avance\pattern05\debug\pattern05.exe
c:\professionnel\cours\prestations\2017\670-plb-c++ avancé (4j)\ateliers\ateliers-visualstudio2015\c++avance\pattern05\debug\pattern05.pdb
c:\professionnel\cours\prestations\2018\729-plb-c++ avancé (4j)\ateliers\ateliers-visualstudio2017\c++avance\pattern05\pattern05\debug\main.obj
c:\professionnel\cours\prestations\2018\729-plb-c++ avancé (4j)\ateliers\ateliers-visualstudio2017\c++avance\pattern05\pattern05\debug\stdafx.obj
c:\professionnel\cours\prestations\2018\729-plb-c++ avancé (4j)\ateliers\ateliers-visualstudio2017\c++avance\pattern05\pattern05\debug\pattern05.pch
c:\professionnel\cours\prestations\2018\729-plb-c++ avancé (4j)\ateliers\ateliers-visualstudio2017\c++avance\pattern05\pattern05\debug\vc140.idb
c:\professionnel\cours\prestations\2018\729-plb-c++ avancé (4j)\ateliers\ateliers-visualstudio2017\c++avance\pattern05\pattern05\debug\vc140.pdb
c:\professionnel\cours\prestations\2018\729-plb-c++ avancé (4j)\ateliers\ateliers-visualstudio2017\c++avance\pattern05\debug\pattern05.pdb
c:\professionnel\cours\prestations\2018\729-plb-c++ avancé (4j)\ateliers\ateliers-visualstudio2017\c++avance\pattern05\debug\pattern05.exe
c:\professionnel\cours\prestations\2018\729-plb-c++ avancé (4j)\ateliers\ateliers-visualstudio2017\c++avance\pattern05\debug\pattern05.ilk
c:\professionnel\cours\prestations\2018\729-plb-c++ avancé (4j)\ateliers\ateliers-visualstudio2017\c++avance\pattern05\pattern05\debug\pattern05.tlog\cl.command.1.tlog
c:\professionnel\cours\prestations\2018\729-plb-c++ avancé (4j)\ateliers\ateliers-visualstudio2017\c++avance\pattern05\pattern05\debug\pattern05.tlog\cl.read.1.tlog
c:\professionnel\cours\prestations\2018\729-plb-c++ avancé (4j)\ateliers\ateliers-visualstudio2017\c++avance\pattern05\pattern05\debug\pattern05.tlog\cl.write.1.tlog
c:\professionnel\cours\prestations\2018\729-plb-c++ avancé (4j)\ateliers\ateliers-visualstudio2017\c++avance\pattern05\pattern05\debug\pattern05.tlog\link.command.1.tlog
c:\professionnel\cours\prestations\2018\729-plb-c++ avancé (4j)\ateliers\ateliers-visualstudio2017\c++avance\pattern05\pattern05\debug\pattern05.tlog\link.read.1.tlog
c:\professionnel\cours\prestations\2018\729-plb-c++ avancé (4j)\ateliers\ateliers-visualstudio2017\c++avance\pattern05\pattern05\debug\pattern05.tlog\link.write.1.tlog
