c:\dev\c++\formationcplusplus\05-designpatterns\pattern02_s\pattern02_s\debug\pattern02_s-factory_method.pch
c:\dev\c++\formationcplusplus\05-designpatterns\pattern02_s\pattern02_s\debug\vc142.pdb
c:\dev\c++\formationcplusplus\05-designpatterns\pattern02_s\pattern02_s\debug\vc142.idb
c:\dev\c++\formationcplusplus\05-designpatterns\pattern02_s\pattern02_s\debug\stdafx.obj
c:\dev\c++\formationcplusplus\05-designpatterns\pattern02_s\pattern02_s\debug\mondocument.obj
c:\dev\c++\formationcplusplus\05-designpatterns\pattern02_s\pattern02_s\debug\monapplication.obj
c:\dev\c++\formationcplusplus\05-designpatterns\pattern02_s\pattern02_s\debug\main.obj
c:\dev\c++\formationcplusplus\05-designpatterns\pattern02_s\pattern02_s\debug\documentxml.obj
c:\dev\c++\formationcplusplus\05-designpatterns\pattern02_s\pattern02_s\debug\document.obj
c:\dev\c++\formationcplusplus\05-designpatterns\pattern02_s\pattern02_s\debug\applicationxml.obj
c:\dev\c++\formationcplusplus\05-designpatterns\pattern02_s\pattern02_s\debug\application.obj
c:\dev\c++\formationcplusplus\debug\pattern02_s-factory_method.ilk
c:\dev\c++\formationcplusplus\debug\pattern02_s-factory_method.exe
c:\dev\c++\formationcplusplus\debug\pattern02_s-factory_method.pdb
c:\dev\c++\formationcplusplus\05-designpatterns\pattern02_s\pattern02_s\debug\pattern0.879264df.tlog\cl.command.1.tlog
c:\dev\c++\formationcplusplus\05-designpatterns\pattern02_s\pattern02_s\debug\pattern0.879264df.tlog\cl.read.1.tlog
c:\dev\c++\formationcplusplus\05-designpatterns\pattern02_s\pattern02_s\debug\pattern0.879264df.tlog\cl.write.1.tlog
c:\dev\c++\formationcplusplus\05-designpatterns\pattern02_s\pattern02_s\debug\pattern0.879264df.tlog\link.command.1.tlog
c:\dev\c++\formationcplusplus\05-designpatterns\pattern02_s\pattern02_s\debug\pattern0.879264df.tlog\link.read.1.tlog
c:\dev\c++\formationcplusplus\05-designpatterns\pattern02_s\pattern02_s\debug\pattern0.879264df.tlog\link.write.1.tlog
