c:\professionnel\cours\prestations\2020\811-plb-c++ avancé (4j)\ateliers\09-designpatterns\pattern02_s\pattern02_s\debug\pattern02_s.pch
c:\professionnel\cours\prestations\2020\811-plb-c++ avancé (4j)\ateliers\09-designpatterns\pattern02_s\pattern02_s\debug\vc142.pdb
c:\professionnel\cours\prestations\2020\811-plb-c++ avancé (4j)\ateliers\09-designpatterns\pattern02_s\pattern02_s\debug\vc142.idb
c:\professionnel\cours\prestations\2020\811-plb-c++ avancé (4j)\ateliers\09-designpatterns\pattern02_s\pattern02_s\debug\stdafx.obj
c:\professionnel\cours\prestations\2020\811-plb-c++ avancé (4j)\ateliers\09-designpatterns\pattern02_s\pattern02_s\debug\mondocument.obj
c:\professionnel\cours\prestations\2020\811-plb-c++ avancé (4j)\ateliers\09-designpatterns\pattern02_s\pattern02_s\debug\monapplication.obj
c:\professionnel\cours\prestations\2020\811-plb-c++ avancé (4j)\ateliers\09-designpatterns\pattern02_s\pattern02_s\debug\main.obj
c:\professionnel\cours\prestations\2020\811-plb-c++ avancé (4j)\ateliers\09-designpatterns\pattern02_s\pattern02_s\debug\documentxml.obj
c:\professionnel\cours\prestations\2020\811-plb-c++ avancé (4j)\ateliers\09-designpatterns\pattern02_s\pattern02_s\debug\document.obj
c:\professionnel\cours\prestations\2020\811-plb-c++ avancé (4j)\ateliers\09-designpatterns\pattern02_s\pattern02_s\debug\applicationxml.obj
c:\professionnel\cours\prestations\2020\811-plb-c++ avancé (4j)\ateliers\09-designpatterns\pattern02_s\pattern02_s\debug\application.obj
c:\professionnel\cours\prestations\2020\811-plb-c++ avancé (4j)\ateliers\09-designpatterns\pattern02_s\debug\pattern02_s.ilk
c:\professionnel\cours\prestations\2020\811-plb-c++ avancé (4j)\ateliers\09-designpatterns\pattern02_s\debug\pattern02_s.exe
c:\professionnel\cours\prestations\2020\811-plb-c++ avancé (4j)\ateliers\09-designpatterns\pattern02_s\debug\pattern02_s.pdb
c:\professionnel\cours\prestations\2020\811-plb-c++ avancé (4j)\ateliers\09-designpatterns\pattern02_s\pattern02_s\debug\pattern02_s.tlog\cl.command.1.tlog
c:\professionnel\cours\prestations\2020\811-plb-c++ avancé (4j)\ateliers\09-designpatterns\pattern02_s\pattern02_s\debug\pattern02_s.tlog\cl.read.1.tlog
c:\professionnel\cours\prestations\2020\811-plb-c++ avancé (4j)\ateliers\09-designpatterns\pattern02_s\pattern02_s\debug\pattern02_s.tlog\cl.write.1.tlog
c:\professionnel\cours\prestations\2020\811-plb-c++ avancé (4j)\ateliers\09-designpatterns\pattern02_s\pattern02_s\debug\pattern02_s.tlog\link.command.1.tlog
c:\professionnel\cours\prestations\2020\811-plb-c++ avancé (4j)\ateliers\09-designpatterns\pattern02_s\pattern02_s\debug\pattern02_s.tlog\link.read.1.tlog
c:\professionnel\cours\prestations\2020\811-plb-c++ avancé (4j)\ateliers\09-designpatterns\pattern02_s\pattern02_s\debug\pattern02_s.tlog\link.write.1.tlog
