c:\professionnel\cours\prestations\2017\670-plb-c++ avancé (4j)\ateliers\ateliers-visualstudio2015\c++avance\pattern04\pattern04\debug\pattern04.pch
c:\professionnel\cours\prestations\2017\670-plb-c++ avancé (4j)\ateliers\ateliers-visualstudio2015\c++avance\pattern04\pattern04\debug\vc140.pdb
c:\professionnel\cours\prestations\2017\670-plb-c++ avancé (4j)\ateliers\ateliers-visualstudio2015\c++avance\pattern04\pattern04\debug\vc140.idb
c:\professionnel\cours\prestations\2017\670-plb-c++ avancé (4j)\ateliers\ateliers-visualstudio2015\c++avance\pattern04\pattern04\debug\stdafx.obj
c:\professionnel\cours\prestations\2017\670-plb-c++ avancé (4j)\ateliers\ateliers-visualstudio2015\c++avance\pattern04\pattern04\debug\main.obj
c:\professionnel\cours\prestations\2017\670-plb-c++ avancé (4j)\ateliers\ateliers-visualstudio2015\c++avance\pattern04\debug\pattern04.ilk
c:\professionnel\cours\prestations\2017\670-plb-c++ avancé (4j)\ateliers\ateliers-visualstudio2015\c++avance\pattern04\debug\pattern04.exe
c:\professionnel\cours\prestations\2017\670-plb-c++ avancé (4j)\ateliers\ateliers-visualstudio2015\c++avance\pattern04\debug\pattern04.pdb
c:\professionnel\cours\prestations\2018\729-plb-c++ avancé (4j)\ateliers\ateliers-visualstudio2017\c++avance\pattern04\pattern04\debug\main.obj
c:\professionnel\cours\prestations\2018\729-plb-c++ avancé (4j)\ateliers\ateliers-visualstudio2017\c++avance\pattern04\pattern04\debug\stdafx.obj
c:\professionnel\cours\prestations\2018\729-plb-c++ avancé (4j)\ateliers\ateliers-visualstudio2017\c++avance\pattern04\pattern04\debug\pattern04.pch
c:\professionnel\cours\prestations\2018\729-plb-c++ avancé (4j)\ateliers\ateliers-visualstudio2017\c++avance\pattern04\pattern04\debug\vc140.idb
c:\professionnel\cours\prestations\2018\729-plb-c++ avancé (4j)\ateliers\ateliers-visualstudio2017\c++avance\pattern04\pattern04\debug\vc140.pdb
c:\professionnel\cours\prestations\2018\729-plb-c++ avancé (4j)\ateliers\ateliers-visualstudio2017\c++avance\pattern04\debug\pattern04.pdb
c:\professionnel\cours\prestations\2018\729-plb-c++ avancé (4j)\ateliers\ateliers-visualstudio2017\c++avance\pattern04\debug\pattern04.exe
c:\professionnel\cours\prestations\2018\729-plb-c++ avancé (4j)\ateliers\ateliers-visualstudio2017\c++avance\pattern04\debug\pattern04.ilk
c:\professionnel\cours\prestations\2018\729-plb-c++ avancé (4j)\ateliers\ateliers-visualstudio2017\c++avance\pattern04\pattern04\debug\pattern04.tlog\cl.command.1.tlog
c:\professionnel\cours\prestations\2018\729-plb-c++ avancé (4j)\ateliers\ateliers-visualstudio2017\c++avance\pattern04\pattern04\debug\pattern04.tlog\cl.read.1.tlog
c:\professionnel\cours\prestations\2018\729-plb-c++ avancé (4j)\ateliers\ateliers-visualstudio2017\c++avance\pattern04\pattern04\debug\pattern04.tlog\cl.write.1.tlog
c:\professionnel\cours\prestations\2018\729-plb-c++ avancé (4j)\ateliers\ateliers-visualstudio2017\c++avance\pattern04\pattern04\debug\pattern04.tlog\link.command.1.tlog
c:\professionnel\cours\prestations\2018\729-plb-c++ avancé (4j)\ateliers\ateliers-visualstudio2017\c++avance\pattern04\pattern04\debug\pattern04.tlog\link.read.1.tlog
c:\professionnel\cours\prestations\2018\729-plb-c++ avancé (4j)\ateliers\ateliers-visualstudio2017\c++avance\pattern04\pattern04\debug\pattern04.tlog\link.write.1.tlog
