c:\professionnel\cours\prestations\2018\729-plb-c++ avancé (4j)\ateliers\ateliers-visualstudio2017\c++avance\stl_conteneur03\stl_conteneur03\debug\stl_conteneur03.pch
c:\professionnel\cours\prestations\2018\729-plb-c++ avancé (4j)\ateliers\ateliers-visualstudio2017\c++avance\stl_conteneur03\stl_conteneur03\debug\vc141.pdb
c:\professionnel\cours\prestations\2018\729-plb-c++ avancé (4j)\ateliers\ateliers-visualstudio2017\c++avance\stl_conteneur03\stl_conteneur03\debug\vc141.idb
c:\professionnel\cours\prestations\2018\729-plb-c++ avancé (4j)\ateliers\ateliers-visualstudio2017\c++avance\stl_conteneur03\stl_conteneur03\debug\stdafx.obj
c:\professionnel\cours\prestations\2018\729-plb-c++ avancé (4j)\ateliers\ateliers-visualstudio2017\c++avance\stl_conteneur03\stl_conteneur03\debug\main.obj
c:\professionnel\cours\prestations\2018\729-plb-c++ avancé (4j)\ateliers\ateliers-visualstudio2017\c++avance\stl_conteneur03\debug\stl_conteneur03.ilk
c:\professionnel\cours\prestations\2018\729-plb-c++ avancé (4j)\ateliers\ateliers-visualstudio2017\c++avance\stl_conteneur03\debug\stl_conteneur03.exe
c:\professionnel\cours\prestations\2018\729-plb-c++ avancé (4j)\ateliers\ateliers-visualstudio2017\c++avance\stl_conteneur03\debug\stl_conteneur03.pdb
c:\professionnel\cours\prestations\2020\813-plb-c++-diginext (5j)\ateliers\avance\09-stl_et_nouveautés_c++11\stl_conteneur03\stl_conteneur03\debug\main.obj
c:\professionnel\cours\prestations\2020\813-plb-c++-diginext (5j)\ateliers\avance\09-stl_et_nouveautés_c++11\stl_conteneur03\stl_conteneur03\debug\stdafx.obj
c:\professionnel\cours\prestations\2020\813-plb-c++-diginext (5j)\ateliers\avance\09-stl_et_nouveautés_c++11\stl_conteneur03\stl_conteneur03\debug\stl_conteneur03.pch
c:\professionnel\cours\prestations\2020\813-plb-c++-diginext (5j)\ateliers\avance\09-stl_et_nouveautés_c++11\stl_conteneur03\stl_conteneur03\debug\vc141.idb
c:\professionnel\cours\prestations\2020\813-plb-c++-diginext (5j)\ateliers\avance\09-stl_et_nouveautés_c++11\stl_conteneur03\stl_conteneur03\debug\vc141.pdb
c:\professionnel\cours\prestations\2020\813-plb-c++-diginext (5j)\ateliers\avance\09-stl_et_nouveautés_c++11\stl_conteneur03\debug\stl_conteneur03.pdb
c:\professionnel\cours\prestations\2020\813-plb-c++-diginext (5j)\ateliers\avance\09-stl_et_nouveautés_c++11\stl_conteneur03\debug\stl_conteneur03.exe
c:\professionnel\cours\prestations\2020\813-plb-c++-diginext (5j)\ateliers\avance\09-stl_et_nouveautés_c++11\stl_conteneur03\debug\stl_conteneur03.ilk
c:\professionnel\cours\prestations\2020\813-plb-c++-diginext (5j)\ateliers\avance\09-stl_et_nouveautés_c++11\stl_conteneur03\stl_conteneur03\debug\stl_conteneur03.tlog\cl.command.1.tlog
c:\professionnel\cours\prestations\2020\813-plb-c++-diginext (5j)\ateliers\avance\09-stl_et_nouveautés_c++11\stl_conteneur03\stl_conteneur03\debug\stl_conteneur03.tlog\cl.read.1.tlog
c:\professionnel\cours\prestations\2020\813-plb-c++-diginext (5j)\ateliers\avance\09-stl_et_nouveautés_c++11\stl_conteneur03\stl_conteneur03\debug\stl_conteneur03.tlog\cl.write.1.tlog
c:\professionnel\cours\prestations\2020\813-plb-c++-diginext (5j)\ateliers\avance\09-stl_et_nouveautés_c++11\stl_conteneur03\stl_conteneur03\debug\stl_conteneur03.tlog\link.command.1.tlog
c:\professionnel\cours\prestations\2020\813-plb-c++-diginext (5j)\ateliers\avance\09-stl_et_nouveautés_c++11\stl_conteneur03\stl_conteneur03\debug\stl_conteneur03.tlog\link.read.1.tlog
c:\professionnel\cours\prestations\2020\813-plb-c++-diginext (5j)\ateliers\avance\09-stl_et_nouveautés_c++11\stl_conteneur03\stl_conteneur03\debug\stl_conteneur03.tlog\link.write.1.tlog
